Using pre-set license
Built from '2020.3/staging' branch; Version is '2020.3.5f1 (8095aa901b9b) revision 8426922'; Using compiler version '192528614'; Build Type 'Release'
OS: 'Windows 10 Pro; OS build 19042.867; Version 2009; 64bit' Language: 'ru' Physical Memory: 8189 MB
BatchMode: 1, IsHumanControllingUs: 0, StartBugReporterOnCrash: 0, Is64bit: 1, IsPro: 0

 COMMAND LINE ARGUMENTS:
C:\Program Files\Unity\2020.3.5f1\Editor\Unity.exe
-adb2
-batchMode
-noUpm
-name
AssetImportWorker0
-projectPath
D:/The_World__of_Small_Animals/The World of Small Animals
-logFile
Logs/AssetImportWorker0.log
-srvPort
59601
Successfully changed project path to: D:/The_World__of_Small_Animals/The World of Small Animals
D:/The_World__of_Small_Animals/The World of Small Animals
Using Asset Import Pipeline V2.
Refreshing native plugins compatible for Editor in 90.06 ms, found 1 plugins.
Preloading 0 native plugins for Editor in 0.00 ms.
Initialize engine version: 2020.3.5f1 (8095aa901b9b)
[Subsystems] Discovering subsystems at path C:/Program Files/Unity/2020.3.5f1/Editor/Data/Resources/UnitySubsystems
[Subsystems] Discovering subsystems at path D:/The_World__of_Small_Animals/The World of Small Animals/Assets
GfxDevice: creating device client; threaded=0
Direct3D:
    Version:  Direct3D 11.0 [level 11.0]
    Renderer: NVIDIA GeForce GTX 750 Ti (ID=0x1380)
    Vendor:   
    VRAM:     2007 MB
    Driver:   27.21.14.6589
Initialize mono
Mono path[0] = 'C:/Program Files/Unity/2020.3.5f1/Editor/Data/Managed'
Mono path[1] = 'C:/Program Files/Unity/2020.3.5f1/Editor/Data/MonoBleedingEdge/lib/mono/unityjit'
Mono config path = 'C:/Program Files/Unity/2020.3.5f1/Editor/Data/MonoBleedingEdge/etc'
Using monoOptions --debugger-agent=transport=dt_socket,embedding=1,server=y,suspend=n,address=127.0.0.1:56520
Begin MonoManager ReloadAssembly
Registering precompiled unity dll's ...
Register platform support module: C:/Program Files/Unity/2020.3.5f1/Editor/Data/PlaybackEngines/WindowsStandaloneSupport/UnityEditor.WindowsStandalone.Extensions.dll
Registered in 0.004220 seconds.
Native extension for WindowsStandalone target not found
Refreshing native plugins compatible for Editor in 73.65 ms, found 1 plugins.
Preloading 0 native plugins for Editor in 0.00 ms.
Mono: successfully reloaded assembly
- Completed reload, in  1.944 seconds
Platform modules already initialized, skipping
Registering precompiled user dll's ...
Registered in 0.007103 seconds.
Begin MonoManager ReloadAssembly
Native extension for WindowsStandalone target not found
Refreshing native plugins compatible for Editor in 74.64 ms, found 1 plugins.
Preloading 0 native plugins for Editor in 0.00 ms.
Mono: successfully reloaded assembly
- Completed reload, in  1.893 seconds
Platform modules already initialized, skipping
========================================================================
Worker process is ready to serve import requests
Launched and connected shader compiler UnityShaderCompiler.exe after 0.16 seconds
Refreshing native plugins compatible for Editor in 0.74 ms, found 1 plugins.
Preloading 0 native plugins for Editor in 0.00 ms.
Unloading 2012 Unused Serialized files (Serialized files now loaded: 0)
System memory in use before: 93.7 MB.
System memory in use after: 93.7 MB.

Unloading 33 unused Assets to reduce memory usage. Loaded Objects now: 2447.
Total: 3.253700 ms (FindLiveObjects: 0.392300 ms CreateObjectMapping: 0.115100 ms MarkObjects: 2.514200 ms  DeleteObjects: 0.230800 ms)

========================================================================
Received Import Request.
  path: Assets/Data/Character/CameraAngles/character_1_camera_angles.asset
  artifactKey: Guid(858355f82a1b4d64bb20d90797135ba3) Importer(815301076,1909f56bfc062723c751e8b465ee728b)
Start importing Assets/Data/Character/CameraAngles/character_1_camera_angles.asset using Guid(858355f82a1b4d64bb20d90797135ba3) Importer(815301076,1909f56bfc062723c751e8b465ee728b)  -> (artifact id: 'f68466c3c2c1ed0e1f6dc276bcd9c69f') in 0.059740 seconds
  Import took 0.064736 seconds .

========================================================================
Received Import Request.
  Time since last request: 7.505041 seconds.
  path: Assets/Photon/PhotonUnityNetworking/Resources/character_1.prefab
  artifactKey: Guid(c68fb8e075e75c84e8663efa062590e5) Importer(815301076,1909f56bfc062723c751e8b465ee728b)
Start importing Assets/Photon/PhotonUnityNetworking/Resources/character_1.prefab using Guid(c68fb8e075e75c84e8663efa062590e5) Importer(815301076,1909f56bfc062723c751e8b465ee728b)  -> (artifact id: 'a1207b6e86c96f39e9ef8c2e352e6790') in 0.283548 seconds
  Import took 0.310909 seconds .

========================================================================
Received Import Request.
  Time since last request: 11.666331 seconds.
  path: Assets/Photon/PhotonUnityNetworking/Resources/character_1.prefab
  artifactKey: Guid(c68fb8e075e75c84e8663efa062590e5) Importer(815301076,1909f56bfc062723c751e8b465ee728b)
Start importing Assets/Photon/PhotonUnityNetworking/Resources/character_1.prefab using Guid(c68fb8e075e75c84e8663efa062590e5) Importer(815301076,1909f56bfc062723c751e8b465ee728b)  -> (artifact id: 'd77ab2d271fe4ef0e37bea4b6836528c') in 0.083148 seconds
  Import took 0.122212 seconds .

========================================================================
Received Import Request.
  Time since last request: 4.524053 seconds.
  path: Assets/Photon/PhotonUnityNetworking/Resources/character_1.prefab
  artifactKey: Guid(c68fb8e075e75c84e8663efa062590e5) Importer(815301076,1909f56bfc062723c751e8b465ee728b)
Start importing Assets/Photon/PhotonUnityNetworking/Resources/character_1.prefab using Guid(c68fb8e075e75c84e8663efa062590e5) Importer(815301076,1909f56bfc062723c751e8b465ee728b)  -> (artifact id: '047478c7697ebcece63b04844ae4561e') in 0.075185 seconds
  Import took 0.106302 seconds .

========================================================================
Received Prepare
Registering precompiled user dll's ...
Registered in 0.007599 seconds.
Begin MonoManager ReloadAssembly
Native extension for WindowsStandalone target not found
Refreshing native plugins compatible for Editor in 0.78 ms, found 1 plugins.
Preloading 0 native plugins for Editor in 0.00 ms.
Mono: successfully reloaded assembly
- Completed reload, in  1.696 seconds
Platform modules already initialized, skipping
Switching build target platform(5) subTarget(0) extendedPlatform(0) -> platform(13) subTarget(537395200) extendedPlatform(0)
Refreshing native plugins compatible for Editor in 0.83 ms, found 1 plugins.
Preloading 0 native plugins for Editor in 0.00 ms.
Unloading 1996 Unused Serialized files (Serialized files now loaded: 0)
System memory in use before: 95.1 MB.
System memory in use after: 95.1 MB.

Unloading 20 unused Assets to reduce memory usage. Loaded Objects now: 2459.
Total: 3.313400 ms (FindLiveObjects: 0.413000 ms CreateObjectMapping: 0.112900 ms MarkObjects: 2.612100 ms  DeleteObjects: 0.173400 ms)

AssetImportParameters requested are different than current active one (requested -> active):
  custom:graphics/normal-map-encoding: 01000000000000000000000000000000 -> 02000000000000000000000000000000
========================================================================
Received Import Request.
  Time since last request: 37.255481 seconds.
  path: Assets/Photon/PhotonUnityNetworking/Resources/character_1.prefab
  artifactKey: Guid(c68fb8e075e75c84e8663efa062590e5) Importer(815301076,1909f56bfc062723c751e8b465ee728b)
Start importing Assets/Photon/PhotonUnityNetworking/Resources/character_1.prefab using Guid(c68fb8e075e75c84e8663efa062590e5) Importer(815301076,1909f56bfc062723c751e8b465ee728b)  -> (artifact id: 'd5f4f1039fbc0f4c3e806bf96e6f3a6e') in 0.241800 seconds
  Import took 0.248722 seconds .

========================================================================
Received Import Request.
  Time since last request: 2.342450 seconds.
  path: Assets/Photon/PhotonUnityNetworking/Resources/character_1.prefab
  artifactKey: Guid(c68fb8e075e75c84e8663efa062590e5) Importer(815301076,1909f56bfc062723c751e8b465ee728b)
Start importing Assets/Photon/PhotonUnityNetworking/Resources/character_1.prefab using Guid(c68fb8e075e75c84e8663efa062590e5) Importer(815301076,1909f56bfc062723c751e8b465ee728b)  -> (artifact id: '4e4a57645b74e0786d89e1899d65ca20') in 0.072327 seconds
  Import took 0.081866 seconds .

========================================================================
Received Prepare
Registering precompiled user dll's ...
Registered in 0.011952 seconds.
Begin MonoManager ReloadAssembly
Native extension for WindowsStandalone target not found
Refreshing native plugins compatible for Editor in 0.79 ms, found 1 plugins.
Preloading 0 native plugins for Editor in 0.00 ms.
Mono: successfully reloaded assembly
- Completed reload, in  1.624 seconds
Platform modules already initialized, skipping
Switching build target platform(5) subTarget(0) extendedPlatform(0) -> platform(13) subTarget(537395200) extendedPlatform(0)
Refreshing native plugins compatible for Editor in 0.80 ms, found 1 plugins.
Preloading 0 native plugins for Editor in 0.00 ms.
Unloading 1996 Unused Serialized files (Serialized files now loaded: 0)
System memory in use before: 95.2 MB.
System memory in use after: 95.2 MB.

Unloading 20 unused Assets to reduce memory usage. Loaded Objects now: 2465.
Total: 3.541500 ms (FindLiveObjects: 0.578300 ms CreateObjectMapping: 0.120900 ms MarkObjects: 2.656400 ms  DeleteObjects: 0.183700 ms)

AssetImportParameters requested are different than current active one (requested -> active):
  custom:graphics/normal-map-encoding: 01000000000000000000000000000000 -> 02000000000000000000000000000000
========================================================================
Received Import Request.
  Time since last request: 31.885630 seconds.
  path: Assets/Photon/PhotonUnityNetworking/Resources/character_1.prefab
  artifactKey: Guid(c68fb8e075e75c84e8663efa062590e5) Importer(815301076,1909f56bfc062723c751e8b465ee728b)
Start importing Assets/Photon/PhotonUnityNetworking/Resources/character_1.prefab using Guid(c68fb8e075e75c84e8663efa062590e5) Importer(815301076,1909f56bfc062723c751e8b465ee728b)  -> (artifact id: '960df1eab5437f564a28440fec483105') in 0.216707 seconds
  Import took 0.222464 seconds .

========================================================================
Received Import Request.
  Time since last request: 2.745325 seconds.
  path: Assets/Photon/PhotonUnityNetworking/Resources/character_1.prefab
  artifactKey: Guid(c68fb8e075e75c84e8663efa062590e5) Importer(815301076,1909f56bfc062723c751e8b465ee728b)
Start importing Assets/Photon/PhotonUnityNetworking/Resources/character_1.prefab using Guid(c68fb8e075e75c84e8663efa062590e5) Importer(815301076,1909f56bfc062723c751e8b465ee728b)  -> (artifact id: '95bc321a8e4bbb60bb8b8d3ce6aceab9') in 0.073598 seconds
  Import took 0.091492 seconds .

========================================================================
Received Prepare
Registering precompiled user dll's ...
Registered in 0.007269 seconds.
Begin MonoManager ReloadAssembly
Native extension for WindowsStandalone target not found
Refreshing native plugins compatible for Editor in 0.78 ms, found 1 plugins.
Preloading 0 native plugins for Editor in 0.00 ms.
Mono: successfully reloaded assembly
- Completed reload, in  1.866 seconds
Platform modules already initialized, skipping
Switching build target platform(5) subTarget(0) extendedPlatform(0) -> platform(13) subTarget(537395200) extendedPlatform(0)
Refreshing native plugins compatible for Editor in 1.00 ms, found 1 plugins.
Preloading 0 native plugins for Editor in 0.00 ms.
Unloading 1996 Unused Serialized files (Serialized files now loaded: 0)
System memory in use before: 95.2 MB.
System memory in use after: 95.2 MB.

Unloading 20 unused Assets to reduce memory usage. Loaded Objects now: 2471.
Total: 3.969900 ms (FindLiveObjects: 0.417700 ms CreateObjectMapping: 0.115200 ms MarkObjects: 3.217200 ms  DeleteObjects: 0.218400 ms)

AssetImportParameters requested are different than current active one (requested -> active):
  custom:graphics/normal-map-encoding: 01000000000000000000000000000000 -> 02000000000000000000000000000000
========================================================================
Received Import Request.
  Time since last request: 37.069174 seconds.
  path: Assets/Photon/PhotonUnityNetworking/Resources/character_1.prefab
  artifactKey: Guid(c68fb8e075e75c84e8663efa062590e5) Importer(815301076,1909f56bfc062723c751e8b465ee728b)
Start importing Assets/Photon/PhotonUnityNetworking/Resources/character_1.prefab using Guid(c68fb8e075e75c84e8663efa062590e5) Importer(815301076,1909f56bfc062723c751e8b465ee728b)  -> (artifact id: '910f769535c016d2f9cc69417546bfd6') in 0.244593 seconds
  Import took 0.260388 seconds .

========================================================================
Received Import Request.
  Time since last request: 2.396585 seconds.
  path: Assets/Photon/PhotonUnityNetworking/Resources/character_1.prefab
  artifactKey: Guid(c68fb8e075e75c84e8663efa062590e5) Importer(815301076,1909f56bfc062723c751e8b465ee728b)
Start importing Assets/Photon/PhotonUnityNetworking/Resources/character_1.prefab using Guid(c68fb8e075e75c84e8663efa062590e5) Importer(815301076,1909f56bfc062723c751e8b465ee728b)  -> (artifact id: 'ec42d8b46b840096674c7219d5e6d88f') in 0.078258 seconds
  Import took 0.105193 seconds .

========================================================================
Received Import Request.
  Time since last request: 6.921074 seconds.
  path: Assets/Photon/PhotonUnityNetworking/Resources/character_1.prefab
  artifactKey: Guid(c68fb8e075e75c84e8663efa062590e5) Importer(815301076,1909f56bfc062723c751e8b465ee728b)
Start importing Assets/Photon/PhotonUnityNetworking/Resources/character_1.prefab using Guid(c68fb8e075e75c84e8663efa062590e5) Importer(815301076,1909f56bfc062723c751e8b465ee728b)  -> (artifact id: 'df91bedd5abcdc1c6c9045de07c6202f') in 0.076508 seconds
  Import took 0.104612 seconds .

========================================================================
Received Import Request.
  Time since last request: 0.878734 seconds.
  path: Assets/Photon/PhotonUnityNetworking/Resources/character_1.prefab
  artifactKey: Guid(c68fb8e075e75c84e8663efa062590e5) Importer(815301076,1909f56bfc062723c751e8b465ee728b)
Start importing Assets/Photon/PhotonUnityNetworking/Resources/character_1.prefab using Guid(c68fb8e075e75c84e8663efa062590e5) Importer(815301076,1909f56bfc062723c751e8b465ee728b)  -> (artifact id: 'f0f4afddb3eeb7a1522741d599d6aca4') in 0.072122 seconds
  Import took 0.086459 seconds .

========================================================================
Received Import Request.
  Time since last request: 5.841928 seconds.
  path: Assets/Photon/PhotonUnityNetworking/Resources/character_1.prefab
  artifactKey: Guid(c68fb8e075e75c84e8663efa062590e5) Importer(815301076,1909f56bfc062723c751e8b465ee728b)
Start importing Assets/Photon/PhotonUnityNetworking/Resources/character_1.prefab using Guid(c68fb8e075e75c84e8663efa062590e5) Importer(815301076,1909f56bfc062723c751e8b465ee728b)  -> (artifact id: '70931cf737853a667a37d061a3e318db') in 0.082718 seconds
  Import took 0.098586 seconds .

========================================================================
Received Prepare
Registering precompiled user dll's ...
Registered in 0.007836 seconds.
Begin MonoManager ReloadAssembly
Native extension for WindowsStandalone target not found
Refreshing native plugins compatible for Editor in 0.78 ms, found 1 plugins.
Preloading 0 native plugins for Editor in 0.00 ms.
Mono: successfully reloaded assembly
- Completed reload, in  1.696 seconds
Platform modules already initialized, skipping
Switching build target platform(5) subTarget(0) extendedPlatform(0) -> platform(13) subTarget(537395200) extendedPlatform(0)
Refreshing native plugins compatible for Editor in 0.79 ms, found 1 plugins.
Preloading 0 native plugins for Editor in 0.00 ms.
Unloading 1996 Unused Serialized files (Serialized files now loaded: 0)
System memory in use before: 95.3 MB.
System memory in use after: 95.3 MB.

Unloading 20 unused Assets to reduce memory usage. Loaded Objects now: 2477.
Total: 3.200200 ms (FindLiveObjects: 0.398600 ms CreateObjectMapping: 0.112900 ms MarkObjects: 2.507100 ms  DeleteObjects: 0.179500 ms)

AssetImportParameters requested are different than current active one (requested -> active):
  custom:graphics/normal-map-encoding: 01000000000000000000000000000000 -> 02000000000000000000000000000000
========================================================================
Received Import Request.
  Time since last request: 191.935992 seconds.
  path: Assets/Photon/PhotonUnityNetworking/Resources/character_1.prefab
  artifactKey: Guid(c68fb8e075e75c84e8663efa062590e5) Importer(815301076,1909f56bfc062723c751e8b465ee728b)
Start importing Assets/Photon/PhotonUnityNetworking/Resources/character_1.prefab using Guid(c68fb8e075e75c84e8663efa062590e5) Importer(815301076,1909f56bfc062723c751e8b465ee728b)  -> (artifact id: 'cbbb050661f90e91776436e5f2e68b30') in 0.256246 seconds
  Import took 0.262975 seconds .

========================================================================
Received Import Request.
  Time since last request: 15.324129 seconds.
  path: Assets/Photon/PhotonUnityNetworking/Resources/character_1.prefab
  artifactKey: Guid(c68fb8e075e75c84e8663efa062590e5) Importer(815301076,1909f56bfc062723c751e8b465ee728b)
Start importing Assets/Photon/PhotonUnityNetworking/Resources/character_1.prefab using Guid(c68fb8e075e75c84e8663efa062590e5) Importer(815301076,1909f56bfc062723c751e8b465ee728b)  -> (artifact id: '1ab865889b891f916027f65b591047a6') in 0.071716 seconds
  Import took 0.086067 seconds .

========================================================================
Received Import Request.
  Time since last request: 2.977312 seconds.
  path: Assets/Photon/PhotonUnityNetworking/Resources/character_1.prefab
  artifactKey: Guid(c68fb8e075e75c84e8663efa062590e5) Importer(815301076,1909f56bfc062723c751e8b465ee728b)
Start importing Assets/Photon/PhotonUnityNetworking/Resources/character_1.prefab using Guid(c68fb8e075e75c84e8663efa062590e5) Importer(815301076,1909f56bfc062723c751e8b465ee728b)  -> (artifact id: '323c16f68c4987bfa91f6c17b04c7fdf') in 0.124215 seconds
  Import took 0.141746 seconds .

========================================================================
Received Import Request.
  Time since last request: 3.579893 seconds.
  path: Assets/Photon/PhotonUnityNetworking/Resources/character_1.prefab
  artifactKey: Guid(c68fb8e075e75c84e8663efa062590e5) Importer(815301076,1909f56bfc062723c751e8b465ee728b)
Start importing Assets/Photon/PhotonUnityNetworking/Resources/character_1.prefab using Guid(c68fb8e075e75c84e8663efa062590e5) Importer(815301076,1909f56bfc062723c751e8b465ee728b)  -> (artifact id: '91f4f966a2e8157e0178b42787402c75') in 0.098693 seconds
  Import took 0.136106 seconds .

========================================================================
Received Import Request.
  Time since last request: 1.232076 seconds.
  path: Assets/Photon/PhotonUnityNetworking/Resources/character_1.prefab
  artifactKey: Guid(c68fb8e075e75c84e8663efa062590e5) Importer(815301076,1909f56bfc062723c751e8b465ee728b)
Start importing Assets/Photon/PhotonUnityNetworking/Resources/character_1.prefab using Guid(c68fb8e075e75c84e8663efa062590e5) Importer(815301076,1909f56bfc062723c751e8b465ee728b)  -> (artifact id: '8ffad1fd7636500ed970053da4961652') in 0.079912 seconds
  Import took 0.113777 seconds .

========================================================================
Received Import Request.
  Time since last request: 0.607116 seconds.
  path: Assets/Photon/PhotonUnityNetworking/Resources/character_1.prefab
  artifactKey: Guid(c68fb8e075e75c84e8663efa062590e5) Importer(815301076,1909f56bfc062723c751e8b465ee728b)
Start importing Assets/Photon/PhotonUnityNetworking/Resources/character_1.prefab using Guid(c68fb8e075e75c84e8663efa062590e5) Importer(815301076,1909f56bfc062723c751e8b465ee728b)  -> (artifact id: '9d81aac1b1cc0d818b780959de9af695') in 0.192839 seconds
  Import took 0.216224 seconds .

========================================================================
Received Import Request.
  Time since last request: 1.598867 seconds.
  path: Assets/Photon/PhotonUnityNetworking/Resources/character_1.prefab
  artifactKey: Guid(c68fb8e075e75c84e8663efa062590e5) Importer(815301076,1909f56bfc062723c751e8b465ee728b)
Start importing Assets/Photon/PhotonUnityNetworking/Resources/character_1.prefab using Guid(c68fb8e075e75c84e8663efa062590e5) Importer(815301076,1909f56bfc062723c751e8b465ee728b)  -> (artifact id: 'c1e5f9e9bd18b67d39fb43abb8bbf23c') in 0.101445 seconds
  Import took 0.107744 seconds .

========================================================================
Received Import Request.
  Time since last request: 17.537187 seconds.
  path: Assets/Photon/PhotonUnityNetworking/Resources/character_1.prefab
  artifactKey: Guid(c68fb8e075e75c84e8663efa062590e5) Importer(815301076,1909f56bfc062723c751e8b465ee728b)
Start importing Assets/Photon/PhotonUnityNetworking/Resources/character_1.prefab using Guid(c68fb8e075e75c84e8663efa062590e5) Importer(815301076,1909f56bfc062723c751e8b465ee728b)  -> (artifact id: 'b30c3afa1a4af52b86db1b4029a134fc') in 0.105687 seconds
  Import took 0.115577 seconds .

========================================================================
Received Import Request.
  Time since last request: 0.225778 seconds.
  path: Assets/Photon/PhotonUnityNetworking/Resources/character_1.prefab
  artifactKey: Guid(c68fb8e075e75c84e8663efa062590e5) Importer(815301076,1909f56bfc062723c751e8b465ee728b)
Start importing Assets/Photon/PhotonUnityNetworking/Resources/character_1.prefab using Guid(c68fb8e075e75c84e8663efa062590e5) Importer(815301076,1909f56bfc062723c751e8b465ee728b)  -> (artifact id: '247845a3852bf9e42dd1932a5e9219e8') in 0.104927 seconds
  Import took 0.111159 seconds .

========================================================================
Received Import Request.
  Time since last request: 4.033307 seconds.
  path: Assets/Photon/PhotonUnityNetworking/Resources/character_1.prefab
  artifactKey: Guid(c68fb8e075e75c84e8663efa062590e5) Importer(815301076,1909f56bfc062723c751e8b465ee728b)
Start importing Assets/Photon/PhotonUnityNetworking/Resources/character_1.prefab using Guid(c68fb8e075e75c84e8663efa062590e5) Importer(815301076,1909f56bfc062723c751e8b465ee728b)  -> (artifact id: '2f18f928812fc32e33babbbfce39ac4f') in 0.101993 seconds
  Import took 0.107931 seconds .

========================================================================
Received Import Request.
  Time since last request: 3.153556 seconds.
  path: Assets/Photon/PhotonUnityNetworking/Resources/character_1.prefab
  artifactKey: Guid(c68fb8e075e75c84e8663efa062590e5) Importer(815301076,1909f56bfc062723c751e8b465ee728b)
Start importing Assets/Photon/PhotonUnityNetworking/Resources/character_1.prefab using Guid(c68fb8e075e75c84e8663efa062590e5) Importer(815301076,1909f56bfc062723c751e8b465ee728b)  -> (artifact id: '72ac81ef9390879cd21195b4d8290e66') in 0.108219 seconds
  Import took 0.134060 seconds .

========================================================================
Received Import Request.
  Time since last request: 1.311728 seconds.
  path: Assets/Photon/PhotonUnityNetworking/Resources/character_1.prefab
  artifactKey: Guid(c68fb8e075e75c84e8663efa062590e5) Importer(815301076,1909f56bfc062723c751e8b465ee728b)
Start importing Assets/Photon/PhotonUnityNetworking/Resources/character_1.prefab using Guid(c68fb8e075e75c84e8663efa062590e5) Importer(815301076,1909f56bfc062723c751e8b465ee728b)  -> (artifact id: '1ceff99d42164d955d359f658904d9eb') in 0.106349 seconds
  Import took 0.122276 seconds .

========================================================================
Received Import Request.
  Time since last request: 3.135843 seconds.
  path: Assets/Photon/PhotonUnityNetworking/Resources/character_1.prefab
  artifactKey: Guid(c68fb8e075e75c84e8663efa062590e5) Importer(815301076,1909f56bfc062723c751e8b465ee728b)
Start importing Assets/Photon/PhotonUnityNetworking/Resources/character_1.prefab using Guid(c68fb8e075e75c84e8663efa062590e5) Importer(815301076,1909f56bfc062723c751e8b465ee728b)  -> (artifact id: '9577f15c5214ce15a24e2388d15a7843') in 0.102667 seconds
  Import took 0.108830 seconds .

========================================================================
Received Import Request.
  Time since last request: 1.293008 seconds.
  path: Assets/Photon/PhotonUnityNetworking/Resources/character_1.prefab
  artifactKey: Guid(c68fb8e075e75c84e8663efa062590e5) Importer(815301076,1909f56bfc062723c751e8b465ee728b)
Start importing Assets/Photon/PhotonUnityNetworking/Resources/character_1.prefab using Guid(c68fb8e075e75c84e8663efa062590e5) Importer(815301076,1909f56bfc062723c751e8b465ee728b)  -> (artifact id: '2b07055a99b4b0b52a4e46d0c48359d2') in 0.102237 seconds
  Import took 0.112595 seconds .

========================================================================
Received Import Request.
  Time since last request: 16.945564 seconds.
  path: Assets/Photon/PhotonUnityNetworking/Resources/character_1.prefab
  artifactKey: Guid(c68fb8e075e75c84e8663efa062590e5) Importer(815301076,1909f56bfc062723c751e8b465ee728b)
Start importing Assets/Photon/PhotonUnityNetworking/Resources/character_1.prefab using Guid(c68fb8e075e75c84e8663efa062590e5) Importer(815301076,1909f56bfc062723c751e8b465ee728b)  -> (artifact id: 'f28ecaa2b6b501f928a9641fdaa483c5') in 0.107934 seconds
  Import took 0.114188 seconds .

========================================================================
Received Import Request.
  Time since last request: 7.976157 seconds.
  path: Assets/Photon/PhotonUnityNetworking/Resources/character_1.prefab
  artifactKey: Guid(c68fb8e075e75c84e8663efa062590e5) Importer(815301076,1909f56bfc062723c751e8b465ee728b)
Start importing Assets/Photon/PhotonUnityNetworking/Resources/character_1.prefab using Guid(c68fb8e075e75c84e8663efa062590e5) Importer(815301076,1909f56bfc062723c751e8b465ee728b)  -> (artifact id: '92abcd4b37f2a288921eac90a1b0b812') in 0.106344 seconds
  Import took 0.123423 seconds .

========================================================================
Received Prepare
Registering precompiled user dll's ...
Registered in 0.007536 seconds.
Begin MonoManager ReloadAssembly
Native extension for WindowsStandalone target not found
Refreshing native plugins compatible for Editor in 0.84 ms, found 1 plugins.
Preloading 0 native plugins for Editor in 0.00 ms.
Mono: successfully reloaded assembly
- Completed reload, in  1.952 seconds
Platform modules already initialized, skipping
Switching build target platform(5) subTarget(0) extendedPlatform(0) -> platform(13) subTarget(537395200) extendedPlatform(0)
Refreshing native plugins compatible for Editor in 0.78 ms, found 1 plugins.
Preloading 0 native plugins for Editor in 0.00 ms.
Unloading 1996 Unused Serialized files (Serialized files now loaded: 0)
System memory in use before: 95.4 MB.
System memory in use after: 95.4 MB.

Unloading 20 unused Assets to reduce memory usage. Loaded Objects now: 2483.
Total: 3.391600 ms (FindLiveObjects: 0.537300 ms CreateObjectMapping: 0.112400 ms MarkObjects: 2.557800 ms  DeleteObjects: 0.182800 ms)

AssetImportParameters requested are different than current active one (requested -> active):
  custom:graphics/normal-map-encoding: 01000000000000000000000000000000 -> 02000000000000000000000000000000
========================================================================
Received Import Request.
  Time since last request: 143.314928 seconds.
  path: Assets/Photon/PhotonUnityNetworking/Resources/character_1.prefab
  artifactKey: Guid(c68fb8e075e75c84e8663efa062590e5) Importer(815301076,1909f56bfc062723c751e8b465ee728b)
Start importing Assets/Photon/PhotonUnityNetworking/Resources/character_1.prefab using Guid(c68fb8e075e75c84e8663efa062590e5) Importer(815301076,1909f56bfc062723c751e8b465ee728b) The Animator Controller (user_message_text) you have used is not valid. Animations will not play
UnityEngine.StackTraceUtility:ExtractStackTrace ()
UnityEditor.EditorUtility:Internal_InstantiateRemoveAllNonAnimationComponentsSingle (UnityEngine.Object,UnityEngine.Vector3,UnityEngine.Quaternion)
UnityEditor.EditorUtility:InstantiateRemoveAllNonAnimationComponents (UnityEngine.Object,UnityEngine.Vector3,UnityEngine.Quaternion)
UnityEditor.EditorUtility:InstantiateForAnimatorPreview (UnityEngine.Object)
UnityEditor.GameObjectInspector/PreviewData:UpdateGameObject (UnityEngine.Object)
UnityEditor.GameObjectInspector/PreviewData:.ctor (UnityEngine.Object)
UnityEditor.GameObjectInspector:GetPreviewData ()
UnityEditor.GameObjectInspector:RenderStaticPreview (string,UnityEngine.Object[],int,int)
UnityEditor.AssetPreviewUpdater:CreatePreviewForAsset (UnityEngine.Object,UnityEngine.Object[],string)

[C:\buildslave\unity\build\Modules/Animation/Director/AnimatorControllerPlayable.cpp line 333]

The Animator Controller (user_message_text) you have used is not valid. Animations will not play
UnityEngine.StackTraceUtility:ExtractStackTrace ()
UnityEditor.EditorUtility:InitInstantiatedPreviewRecursive (UnityEngine.GameObject)
UnityEditor.EditorUtility:InstantiateForAnimatorPreview (UnityEngine.Object)
UnityEditor.GameObjectInspector/PreviewData:UpdateGameObject (UnityEngine.Object)
UnityEditor.GameObjectInspector/PreviewData:.ctor (UnityEngine.Object)
UnityEditor.GameObjectInspector:GetPreviewData ()
UnityEditor.GameObjectInspector:RenderStaticPreview (string,UnityEngine.Object[],int,int)
UnityEditor.AssetPreviewUpdater:CreatePreviewForAsset (UnityEngine.Object,UnityEngine.Object[],string)

[C:\buildslave\unity\build\Modules/Animation/Director/AnimatorControllerPlayable.cpp line 333]

 -> (artifact id: 'fbe71fb9ffd7a1d26329849bbe7a3402') in 0.269345 seconds
  Import took 0.303299 seconds .

========================================================================
Received Import Request.
  Time since last request: 4.256203 seconds.
  path: Assets/anim/user_panel_hde.anim
  artifactKey: Guid(0229a6a0a03747140908a2c0b5100f6b) Importer(815301076,1909f56bfc062723c751e8b465ee728b)
Start importing Assets/anim/user_panel_hde.anim using Guid(0229a6a0a03747140908a2c0b5100f6b) Importer(815301076,1909f56bfc062723c751e8b465ee728b)  -> (artifact id: '59335fde36d3856b257b3e4813ed5cfb') in 0.014894 seconds
  Import took 0.061946 seconds .

========================================================================
Received Import Request.
  Time since last request: 0.918471 seconds.
  path: Assets/anim/touch_began.anim
  artifactKey: Guid(fad87fcf8399f764aa0102da50a8e5f1) Importer(815301076,1909f56bfc062723c751e8b465ee728b)
Start importing Assets/anim/touch_began.anim using Guid(fad87fcf8399f764aa0102da50a8e5f1) Importer(815301076,1909f56bfc062723c751e8b465ee728b)  -> (artifact id: 'bdac34bd5c86cfde8638fc70fec9f2bf') in 0.012807 seconds
  Import took 0.019847 seconds .

========================================================================
Received Import Request.
  Time since last request: 0.406996 seconds.
  path: Assets/anim/user_message_text.controller
  artifactKey: Guid(9caac4f4c47b6dc4b80024511e58b28b) Importer(815301076,1909f56bfc062723c751e8b465ee728b)
Start importing Assets/anim/user_message_text.controller using Guid(9caac4f4c47b6dc4b80024511e58b28b) Importer(815301076,1909f56bfc062723c751e8b465ee728b)  -> (artifact id: 'fa40fa7659db073784c34975feecc378') in 0.017966 seconds
  Import took 0.025107 seconds .

========================================================================
Received Import Request.
  Time since last request: 0.632038 seconds.
  path: Assets/anim/user_panel_idle.anim
  artifactKey: Guid(68fff8ea0d5d9914dafbcb5a4abdb673) Importer(815301076,1909f56bfc062723c751e8b465ee728b)
Start importing Assets/anim/user_panel_idle.anim using Guid(68fff8ea0d5d9914dafbcb5a4abdb673) Importer(815301076,1909f56bfc062723c751e8b465ee728b)  -> (artifact id: '4dfcf9c74c93634077835d14fddcbed3') in 0.014014 seconds
  Import took 0.019281 seconds .

========================================================================
Received Import Request.
  Time since last request: 5.903378 seconds.
  path: Assets/anim/show_user_message_text.anim
  artifactKey: Guid(ab73d52d8f4748f448ee491ff2deabca) Importer(815301076,1909f56bfc062723c751e8b465ee728b)
Start importing Assets/anim/show_user_message_text.anim using Guid(ab73d52d8f4748f448ee491ff2deabca) Importer(815301076,1909f56bfc062723c751e8b465ee728b)  -> (artifact id: '7a0d003b1e2f1d337ed71a55f2946ef6') in 0.015735 seconds
  Import took 0.020940 seconds .

========================================================================
Received Prepare
Registering precompiled user dll's ...
Registered in 0.011494 seconds.
Begin MonoManager ReloadAssembly
Native extension for WindowsStandalone target not found
Refreshing native plugins compatible for Editor in 0.77 ms, found 1 plugins.
Preloading 0 native plugins for Editor in 0.00 ms.
Mono: successfully reloaded assembly
- Completed reload, in  1.831 seconds
Platform modules already initialized, skipping
Switching build target platform(5) subTarget(0) extendedPlatform(0) -> platform(13) subTarget(537395200) extendedPlatform(0)
Refreshing native plugins compatible for Editor in 0.82 ms, found 1 plugins.
Preloading 0 native plugins for Editor in 0.00 ms.
Unloading 1996 Unused Serialized files (Serialized files now loaded: 0)
System memory in use before: 95.5 MB.
System memory in use after: 95.5 MB.

Unloading 20 unused Assets to reduce memory usage. Loaded Objects now: 2489.
Total: 3.420700 ms (FindLiveObjects: 0.418200 ms CreateObjectMapping: 0.113900 ms MarkObjects: 2.697100 ms  DeleteObjects: 0.189600 ms)

AssetImportParameters requested are different than current active one (requested -> active):
  custom:graphics/normal-map-encoding: 01000000000000000000000000000000 -> 02000000000000000000000000000000
========================================================================
Received Prepare
Registering precompiled user dll's ...
Registered in 0.007598 seconds.
Begin MonoManager ReloadAssembly
Native extension for WindowsStandalone target not found
Refreshing native plugins compatible for Editor in 0.79 ms, found 1 plugins.
Preloading 0 native plugins for Editor in 0.00 ms.
Mono: successfully reloaded assembly
- Completed reload, in  1.978 seconds
Platform modules already initialized, skipping
Switching build target platform(5) subTarget(0) extendedPlatform(0) -> platform(13) subTarget(537395200) extendedPlatform(0)
Refreshing native plugins compatible for Editor in 0.92 ms, found 1 plugins.
Preloading 0 native plugins for Editor in 0.00 ms.
Unloading 1996 Unused Serialized files (Serialized files now loaded: 0)
System memory in use before: 95.5 MB.
System memory in use after: 95.5 MB.

Unloading 20 unused Assets to reduce memory usage. Loaded Objects now: 2494.
Total: 4.459200 ms (FindLiveObjects: 0.785100 ms CreateObjectMapping: 0.177000 ms MarkObjects: 3.298000 ms  DeleteObjects: 0.196700 ms)

AssetImportParameters requested are different than current active one (requested -> active):
  custom:graphics/normal-map-encoding: 01000000000000000000000000000000 -> 02000000000000000000000000000000
========================================================================
Received Prepare
Registering precompiled user dll's ...
Registered in 0.007515 seconds.
Begin MonoManager ReloadAssembly
Native extension for WindowsStandalone target not found
Refreshing native plugins compatible for Editor in 0.79 ms, found 1 plugins.
Preloading 0 native plugins for Editor in 0.00 ms.
Mono: successfully reloaded assembly
- Completed reload, in  1.907 seconds
Platform modules already initialized, skipping
Switching build target platform(5) subTarget(0) extendedPlatform(0) -> platform(13) subTarget(537395200) extendedPlatform(0)
Refreshing native plugins compatible for Editor in 1.10 ms, found 1 plugins.
Preloading 0 native plugins for Editor in 0.00 ms.
Unloading 1997 Unused Serialized files (Serialized files now loaded: 0)
System memory in use before: 95.5 MB.
System memory in use after: 95.5 MB.

Unloading 20 unused Assets to reduce memory usage. Loaded Objects now: 2500.
Total: 6.426900 ms (FindLiveObjects: 0.485000 ms CreateObjectMapping: 0.128500 ms MarkObjects: 5.429000 ms  DeleteObjects: 0.382200 ms)

AssetImportParameters requested are different than current active one (requested -> active):
  custom:graphics/normal-map-encoding: 01000000000000000000000000000000 -> 02000000000000000000000000000000
========================================================================
Received Prepare
Registering precompiled user dll's ...
Registered in 0.007275 seconds.
Begin MonoManager ReloadAssembly
Native extension for WindowsStandalone target not found
Refreshing native plugins compatible for Editor in 0.78 ms, found 1 plugins.
Preloading 0 native plugins for Editor in 0.00 ms.
Mono: successfully reloaded assembly
- Completed reload, in  1.731 seconds
Platform modules already initialized, skipping
Switching build target platform(5) subTarget(0) extendedPlatform(0) -> platform(13) subTarget(537395200) extendedPlatform(0)
Refreshing native plugins compatible for Editor in 0.79 ms, found 1 plugins.
Preloading 0 native plugins for Editor in 0.00 ms.
Unloading 1997 Unused Serialized files (Serialized files now loaded: 0)
System memory in use before: 95.5 MB.
System memory in use after: 95.5 MB.

Unloading 20 unused Assets to reduce memory usage. Loaded Objects now: 2505.
Total: 3.210500 ms (FindLiveObjects: 0.385200 ms CreateObjectMapping: 0.111900 ms MarkObjects: 2.519200 ms  DeleteObjects: 0.192800 ms)

AssetImportParameters requested are different than current active one (requested -> active):
  custom:graphics/normal-map-encoding: 01000000000000000000000000000000 -> 02000000000000000000000000000000
========================================================================
Received Import Request.
  Time since last request: 1457.949485 seconds.
  path: Assets/Photon/PhotonUnityNetworking/Resources/character_1.prefab
  artifactKey: Guid(c68fb8e075e75c84e8663efa062590e5) Importer(815301076,1909f56bfc062723c751e8b465ee728b)
Start importing Assets/Photon/PhotonUnityNetworking/Resources/character_1.prefab using Guid(c68fb8e075e75c84e8663efa062590e5) Importer(815301076,1909f56bfc062723c751e8b465ee728b) The Animator Controller (user_message_text) you have used is not valid. Animations will not play
UnityEngine.StackTraceUtility:ExtractStackTrace ()
UnityEditor.EditorUtility:Internal_InstantiateRemoveAllNonAnimationComponentsSingle (UnityEngine.Object,UnityEngine.Vector3,UnityEngine.Quaternion)
UnityEditor.EditorUtility:InstantiateRemoveAllNonAnimationComponents (UnityEngine.Object,UnityEngine.Vector3,UnityEngine.Quaternion)
UnityEditor.EditorUtility:InstantiateForAnimatorPreview (UnityEngine.Object)
UnityEditor.GameObjectInspector/PreviewData:UpdateGameObject (UnityEngine.Object)
UnityEditor.GameObjectInspector/PreviewData:.ctor (UnityEngine.Object)
UnityEditor.GameObjectInspector:GetPreviewData ()
UnityEditor.GameObjectInspector:RenderStaticPreview (string,UnityEngine.Object[],int,int)
UnityEditor.AssetPreviewUpdater:CreatePreviewForAsset (UnityEngine.Object,UnityEngine.Object[],string)

[C:\buildslave\unity\build\Modules/Animation/Director/AnimatorControllerPlayable.cpp line 333]

The Animator Controller (user_message_text) you have used is not valid. Animations will not play
UnityEngine.StackTraceUtility:ExtractStackTrace ()
UnityEditor.EditorUtility:InitInstantiatedPreviewRecursive (UnityEngine.GameObject)
UnityEditor.EditorUtility:InstantiateForAnimatorPreview (UnityEngine.Object)
UnityEditor.GameObjectInspector/PreviewData:UpdateGameObject (UnityEngine.Object)
UnityEditor.GameObjectInspector/PreviewData:.ctor (UnityEngine.Object)
UnityEditor.GameObjectInspector:GetPreviewData ()
UnityEditor.GameObjectInspector:RenderStaticPreview (string,UnityEngine.Object[],int,int)
UnityEditor.AssetPreviewUpdater:CreatePreviewForAsset (UnityEngine.Object,UnityEngine.Object[],string)

[C:\buildslave\unity\build\Modules/Animation/Director/AnimatorControllerPlayable.cpp line 333]

 -> (artifact id: '8b9201181020e896286b81e5165a14d0') in 0.286370 seconds
  Import took 0.305775 seconds .

========================================================================
Received Prepare
Registering precompiled user dll's ...
Registered in 0.007644 seconds.
Begin MonoManager ReloadAssembly
Native extension for WindowsStandalone target not found
Refreshing native plugins compatible for Editor in 0.78 ms, found 1 plugins.
Preloading 0 native plugins for Editor in 0.00 ms.
Mono: successfully reloaded assembly
- Completed reload, in  1.750 seconds
Platform modules already initialized, skipping
Switching build target platform(5) subTarget(0) extendedPlatform(0) -> platform(13) subTarget(537395200) extendedPlatform(0)
Refreshing native plugins compatible for Editor in 1.14 ms, found 1 plugins.
Preloading 0 native plugins for Editor in 0.00 ms.
Unloading 1997 Unused Serialized files (Serialized files now loaded: 0)
System memory in use before: 95.6 MB.
System memory in use after: 95.5 MB.

Unloading 20 unused Assets to reduce memory usage. Loaded Objects now: 2511.
Total: 3.516400 ms (FindLiveObjects: 0.636700 ms CreateObjectMapping: 0.123900 ms MarkObjects: 2.565000 ms  DeleteObjects: 0.189400 ms)

AssetImportParameters requested are different than current active one (requested -> active):
  custom:graphics/normal-map-encoding: 01000000000000000000000000000000 -> 02000000000000000000000000000000
========================================================================
Received Import Request.
  Time since last request: 171.439919 seconds.
  path: Assets/Photon/PhotonUnityNetworking/Resources/character_1.prefab
  artifactKey: Guid(c68fb8e075e75c84e8663efa062590e5) Importer(815301076,1909f56bfc062723c751e8b465ee728b)
Start importing Assets/Photon/PhotonUnityNetworking/Resources/character_1.prefab using Guid(c68fb8e075e75c84e8663efa062590e5) Importer(815301076,1909f56bfc062723c751e8b465ee728b) The Animator Controller (user_message_text) you have used is not valid. Animations will not play
UnityEngine.StackTraceUtility:ExtractStackTrace ()
UnityEditor.EditorUtility:Internal_InstantiateRemoveAllNonAnimationComponentsSingle (UnityEngine.Object,UnityEngine.Vector3,UnityEngine.Quaternion)
UnityEditor.EditorUtility:InstantiateRemoveAllNonAnimationComponents (UnityEngine.Object,UnityEngine.Vector3,UnityEngine.Quaternion)
UnityEditor.EditorUtility:InstantiateForAnimatorPreview (UnityEngine.Object)
UnityEditor.GameObjectInspector/PreviewData:UpdateGameObject (UnityEngine.Object)
UnityEditor.GameObjectInspector/PreviewData:.ctor (UnityEngine.Object)
UnityEditor.GameObjectInspector:GetPreviewData ()
UnityEditor.GameObjectInspector:RenderStaticPreview (string,UnityEngine.Object[],int,int)
UnityEditor.AssetPreviewUpdater:CreatePreviewForAsset (UnityEngine.Object,UnityEngine.Object[],string)

[C:\buildslave\unity\build\Modules/Animation/Director/AnimatorControllerPlayable.cpp line 333]

The Animator Controller (user_message_text) you have used is not valid. Animations will not play
UnityEngine.StackTraceUtility:ExtractStackTrace ()
UnityEditor.EditorUtility:InitInstantiatedPreviewRecursive (UnityEngine.GameObject)
UnityEditor.EditorUtility:InstantiateForAnimatorPreview (UnityEngine.Object)
UnityEditor.GameObjectInspector/PreviewData:UpdateGameObject (UnityEngine.Object)
UnityEditor.GameObjectInspector/PreviewData:.ctor (UnityEngine.Object)
UnityEditor.GameObjectInspector:GetPreviewData ()
UnityEditor.GameObjectInspector:RenderStaticPreview (string,UnityEngine.Object[],int,int)
UnityEditor.AssetPreviewUpdater:CreatePreviewForAsset (UnityEngine.Object,UnityEngine.Object[],string)

[C:\buildslave\unity\build\Modules/Animation/Director/AnimatorControllerPlayable.cpp line 333]

 -> (artifact id: 'cb31162be383b61ebd4b93c17f689d7d') in 0.267925 seconds
  Import took 0.289056 seconds .

========================================================================
Received Import Request.
  Time since last request: 2.324631 seconds.
  path: Assets/Photon/PhotonUnityNetworking/Resources/character_1.prefab
  artifactKey: Guid(c68fb8e075e75c84e8663efa062590e5) Importer(815301076,1909f56bfc062723c751e8b465ee728b)
Start importing Assets/Photon/PhotonUnityNetworking/Resources/character_1.prefab using Guid(c68fb8e075e75c84e8663efa062590e5) Importer(815301076,1909f56bfc062723c751e8b465ee728b) The Animator Controller (user_message_text) you have used is not valid. Animations will not play
UnityEngine.StackTraceUtility:ExtractStackTrace ()
UnityEditor.EditorUtility:Internal_InstantiateRemoveAllNonAnimationComponentsSingle (UnityEngine.Object,UnityEngine.Vector3,UnityEngine.Quaternion)
UnityEditor.EditorUtility:InstantiateRemoveAllNonAnimationComponents (UnityEngine.Object,UnityEngine.Vector3,UnityEngine.Quaternion)
UnityEditor.EditorUtility:InstantiateForAnimatorPreview (UnityEngine.Object)
UnityEditor.GameObjectInspector/PreviewData:UpdateGameObject (UnityEngine.Object)
UnityEditor.GameObjectInspector/PreviewData:.ctor (UnityEngine.Object)
UnityEditor.GameObjectInspector:GetPreviewData ()
UnityEditor.GameObjectInspector:RenderStaticPreview (string,UnityEngine.Object[],int,int)
UnityEditor.AssetPreviewUpdater:CreatePreviewForAsset (UnityEngine.Object,UnityEngine.Object[],string)

[C:\buildslave\unity\build\Modules/Animation/Director/AnimatorControllerPlayable.cpp line 333]

The Animator Controller (user_message_text) you have used is not valid. Animations will not play
UnityEngine.StackTraceUtility:ExtractStackTrace ()
UnityEditor.EditorUtility:InitInstantiatedPreviewRecursive (UnityEngine.GameObject)
UnityEditor.EditorUtility:InstantiateForAnimatorPreview (UnityEngine.Object)
UnityEditor.GameObjectInspector/PreviewData:UpdateGameObject (UnityEngine.Object)
UnityEditor.GameObjectInspector/PreviewData:.ctor (UnityEngine.Object)
UnityEditor.GameObjectInspector:GetPreviewData ()
UnityEditor.GameObjectInspector:RenderStaticPreview (string,UnityEngine.Object[],int,int)
UnityEditor.AssetPreviewUpdater:CreatePreviewForAsset (UnityEngine.Object,UnityEngine.Object[],string)

[C:\buildslave\unity\build\Modules/Animation/Director/AnimatorControllerPlayable.cpp line 333]

 -> (artifact id: '6458f8a32768946d07c853edbfdb74be') in 0.099769 seconds
  Import took 0.105517 seconds .

========================================================================
Received Import Request.
  Time since last request: 5.613944 seconds.
  path: Assets/Photon/PhotonUnityNetworking/Resources/character_1.prefab
  artifactKey: Guid(c68fb8e075e75c84e8663efa062590e5) Importer(815301076,1909f56bfc062723c751e8b465ee728b)
Start importing Assets/Photon/PhotonUnityNetworking/Resources/character_1.prefab using Guid(c68fb8e075e75c84e8663efa062590e5) Importer(815301076,1909f56bfc062723c751e8b465ee728b) The Animator Controller (user_message_text) you have used is not valid. Animations will not play
UnityEngine.StackTraceUtility:ExtractStackTrace ()
UnityEditor.EditorUtility:Internal_InstantiateRemoveAllNonAnimationComponentsSingle (UnityEngine.Object,UnityEngine.Vector3,UnityEngine.Quaternion)
UnityEditor.EditorUtility:InstantiateRemoveAllNonAnimationComponents (UnityEngine.Object,UnityEngine.Vector3,UnityEngine.Quaternion)
UnityEditor.EditorUtility:InstantiateForAnimatorPreview (UnityEngine.Object)
UnityEditor.GameObjectInspector/PreviewData:UpdateGameObject (UnityEngine.Object)
UnityEditor.GameObjectInspector/PreviewData:.ctor (UnityEngine.Object)
UnityEditor.GameObjectInspector:GetPreviewData ()
UnityEditor.GameObjectInspector:RenderStaticPreview (string,UnityEngine.Object[],int,int)
UnityEditor.AssetPreviewUpdater:CreatePreviewForAsset (UnityEngine.Object,UnityEngine.Object[],string)

[C:\buildslave\unity\build\Modules/Animation/Director/AnimatorControllerPlayable.cpp line 333]

The Animator Controller (user_message_text) you have used is not valid. Animations will not play
UnityEngine.StackTraceUtility:ExtractStackTrace ()
UnityEditor.EditorUtility:InitInstantiatedPreviewRecursive (UnityEngine.GameObject)
UnityEditor.EditorUtility:InstantiateForAnimatorPreview (UnityEngine.Object)
UnityEditor.GameObjectInspector/PreviewData:UpdateGameObject (UnityEngine.Object)
UnityEditor.GameObjectInspector/PreviewData:.ctor (UnityEngine.Object)
UnityEditor.GameObjectInspector:GetPreviewData ()
UnityEditor.GameObjectInspector:RenderStaticPreview (string,UnityEngine.Object[],int,int)
UnityEditor.AssetPreviewUpdater:CreatePreviewForAsset (UnityEngine.Object,UnityEngine.Object[],string)

[C:\buildslave\unity\build\Modules/Animation/Director/AnimatorControllerPlayable.cpp line 333]

 -> (artifact id: '429bae4a704e8bd88ac6e7a804d77429') in 0.101417 seconds
  Import took 0.107326 seconds .

========================================================================
Received Import Request.
  Time since last request: 0.000293 seconds.
  path: Assets/Photon/PhotonUnityNetworking/Resources/user_message_text.prefab
  artifactKey: Guid(c140de470d757044b90c8549258d3586) Importer(815301076,1909f56bfc062723c751e8b465ee728b)
Start importing Assets/Photon/PhotonUnityNetworking/Resources/user_message_text.prefab using Guid(c140de470d757044b90c8549258d3586) Importer(815301076,1909f56bfc062723c751e8b465ee728b)  -> (artifact id: '167d2a3b4359880efa606d05c04b3598') in 0.039765 seconds
  Import took 0.060311 seconds .

========================================================================
Received Import Request.
  Time since last request: 3.453092 seconds.
  path: Assets/Photon/PhotonUnityNetworking/Resources/character_1.prefab
  artifactKey: Guid(c68fb8e075e75c84e8663efa062590e5) Importer(815301076,1909f56bfc062723c751e8b465ee728b)
Start importing Assets/Photon/PhotonUnityNetworking/Resources/character_1.prefab using Guid(c68fb8e075e75c84e8663efa062590e5) Importer(815301076,1909f56bfc062723c751e8b465ee728b)  -> (artifact id: 'ccaf330ba59557728082009bc6ee3474') in 0.065356 seconds
  Import took 0.071154 seconds .

========================================================================
Received Import Request.
  Time since last request: 5.155578 seconds.
  path: Assets/Photon/PhotonUnityNetworking/Resources/character_1.prefab
  artifactKey: Guid(c68fb8e075e75c84e8663efa062590e5) Importer(815301076,1909f56bfc062723c751e8b465ee728b)
Start importing Assets/Photon/PhotonUnityNetworking/Resources/character_1.prefab using Guid(c68fb8e075e75c84e8663efa062590e5) Importer(815301076,1909f56bfc062723c751e8b465ee728b) The Animator Controller (user_message_text) you have used is not valid. Animations will not play
UnityEngine.StackTraceUtility:ExtractStackTrace ()
UnityEditor.EditorUtility:Internal_InstantiateRemoveAllNonAnimationComponentsSingle (UnityEngine.Object,UnityEngine.Vector3,UnityEngine.Quaternion)
UnityEditor.EditorUtility:InstantiateRemoveAllNonAnimationComponents (UnityEngine.Object,UnityEngine.Vector3,UnityEngine.Quaternion)
UnityEditor.EditorUtility:InstantiateForAnimatorPreview (UnityEngine.Object)
UnityEditor.GameObjectInspector/PreviewData:UpdateGameObject (UnityEngine.Object)
UnityEditor.GameObjectInspector/PreviewData:.ctor (UnityEngine.Object)
UnityEditor.GameObjectInspector:GetPreviewData ()
UnityEditor.GameObjectInspector:RenderStaticPreview (string,UnityEngine.Object[],int,int)
UnityEditor.AssetPreviewUpdater:CreatePreviewForAsset (UnityEngine.Object,UnityEngine.Object[],string)

[C:\buildslave\unity\build\Modules/Animation/Director/AnimatorControllerPlayable.cpp line 333]

The Animator Controller (user_message_text) you have used is not valid. Animations will not play
UnityEngine.StackTraceUtility:ExtractStackTrace ()
UnityEditor.EditorUtility:InitInstantiatedPreviewRecursive (UnityEngine.GameObject)
UnityEditor.EditorUtility:InstantiateForAnimatorPreview (UnityEngine.Object)
UnityEditor.GameObjectInspector/PreviewData:UpdateGameObject (UnityEngine.Object)
UnityEditor.GameObjectInspector/PreviewData:.ctor (UnityEngine.Object)
UnityEditor.GameObjectInspector:GetPreviewData ()
UnityEditor.GameObjectInspector:RenderStaticPreview (string,UnityEngine.Object[],int,int)
UnityEditor.AssetPreviewUpdater:CreatePreviewForAsset (UnityEngine.Object,UnityEngine.Object[],string)

[C:\buildslave\unity\build\Modules/Animation/Director/AnimatorControllerPlayable.cpp line 333]

 -> (artifact id: '22a7a6ad209ffbe2468d029f4c0e168b') in 0.103040 seconds
  Import took 0.112314 seconds .

========================================================================
Received Import Request.
  Time since last request: 2.574906 seconds.
  path: Assets/Photon/PhotonUnityNetworking/Resources/character_1.prefab
  artifactKey: Guid(c68fb8e075e75c84e8663efa062590e5) Importer(815301076,1909f56bfc062723c751e8b465ee728b)
Start importing Assets/Photon/PhotonUnityNetworking/Resources/character_1.prefab using Guid(c68fb8e075e75c84e8663efa062590e5) Importer(815301076,1909f56bfc062723c751e8b465ee728b) The Animator Controller (user_message_text) you have used is not valid. Animations will not play
UnityEngine.StackTraceUtility:ExtractStackTrace ()
UnityEditor.EditorUtility:Internal_InstantiateRemoveAllNonAnimationComponentsSingle (UnityEngine.Object,UnityEngine.Vector3,UnityEngine.Quaternion)
UnityEditor.EditorUtility:InstantiateRemoveAllNonAnimationComponents (UnityEngine.Object,UnityEngine.Vector3,UnityEngine.Quaternion)
UnityEditor.EditorUtility:InstantiateForAnimatorPreview (UnityEngine.Object)
UnityEditor.GameObjectInspector/PreviewData:UpdateGameObject (UnityEngine.Object)
UnityEditor.GameObjectInspector/PreviewData:.ctor (UnityEngine.Object)
UnityEditor.GameObjectInspector:GetPreviewData ()
UnityEditor.GameObjectInspector:RenderStaticPreview (string,UnityEngine.Object[],int,int)
UnityEditor.AssetPreviewUpdater:CreatePreviewForAsset (UnityEngine.Object,UnityEngine.Object[],string)

[C:\buildslave\unity\build\Modules/Animation/Director/AnimatorControllerPlayable.cpp line 333]

The Animator Controller (user_message_text) you have used is not valid. Animations will not play
UnityEngine.StackTraceUtility:ExtractStackTrace ()
UnityEditor.EditorUtility:Internal_InstantiateRemoveAllNonAnimationComponentsSingle (UnityEngine.Object,UnityEngine.Vector3,UnityEngine.Quaternion)
UnityEditor.EditorUtility:InstantiateRemoveAllNonAnimationComponents (UnityEngine.Object,UnityEngine.Vector3,UnityEngine.Quaternion)
UnityEditor.EditorUtility:InstantiateForAnimatorPreview (UnityEngine.Object)
UnityEditor.GameObjectInspector/PreviewData:UpdateGameObject (UnityEngine.Object)
UnityEditor.GameObjectInspector/PreviewData:.ctor (UnityEngine.Object)
UnityEditor.GameObjectInspector:GetPreviewData ()
UnityEditor.GameObjectInspector:RenderStaticPreview (string,UnityEngine.Object[],int,int)
UnityEditor.AssetPreviewUpdater:CreatePreviewForAsset (UnityEngine.Object,UnityEngine.Object[],string)

[C:\buildslave\unity\build\Modules/Animation/Director/AnimatorControllerPlayable.cpp line 333]

The Animator Controller (user_message_text) you have used is not valid. Animations will not play
UnityEngine.StackTraceUtility:ExtractStackTrace ()
UnityEditor.EditorUtility:InitInstantiatedPreviewRecursive (UnityEngine.GameObject)
UnityEditor.EditorUtility:InstantiateForAnimatorPreview (UnityEngine.Object)
UnityEditor.GameObjectInspector/PreviewData:UpdateGameObject (UnityEngine.Object)
UnityEditor.GameObjectInspector/PreviewData:.ctor (UnityEngine.Object)
UnityEditor.GameObjectInspector:GetPreviewData ()
UnityEditor.GameObjectInspector:RenderStaticPreview (string,UnityEngine.Object[],int,int)
UnityEditor.AssetPreviewUpdater:CreatePreviewForAsset (UnityEngine.Object,UnityEngine.Object[],string)

[C:\buildslave\unity\build\Modules/Animation/Director/AnimatorControllerPlayable.cpp line 333]

The Animator Controller (user_message_text) you have used is not valid. Animations will not play
UnityEngine.StackTraceUtility:ExtractStackTrace ()
UnityEditor.EditorUtility:InitInstantiatedPreviewRecursive (UnityEngine.GameObject)
UnityEditor.EditorUtility:InstantiateForAnimatorPreview (UnityEngine.Object)
UnityEditor.GameObjectInspector/PreviewData:UpdateGameObject (UnityEngine.Object)
UnityEditor.GameObjectInspector/PreviewData:.ctor (UnityEngine.Object)
UnityEditor.GameObjectInspector:GetPreviewData ()
UnityEditor.GameObjectInspector:RenderStaticPreview (string,UnityEngine.Object[],int,int)
UnityEditor.AssetPreviewUpdater:CreatePreviewForAsset (UnityEngine.Object,UnityEngine.Object[],string)

[C:\buildslave\unity\build\Modules/Animation/Director/AnimatorControllerPlayable.cpp line 333]

 -> (artifact id: '9d037a5aa1d7bf7302695cbe09e7d367') in 0.105450 seconds
  Import took 0.113947 seconds .

========================================================================
Received Prepare
Registering precompiled user dll's ...
Registered in 0.007136 seconds.
Begin MonoManager ReloadAssembly
Native extension for WindowsStandalone target not found
Refreshing native plugins compatible for Editor in 0.79 ms, found 1 plugins.
Preloading 0 native plugins for Editor in 0.00 ms.
Mono: successfully reloaded assembly
- Completed reload, in  1.803 seconds
Platform modules already initialized, skipping
Switching build target platform(5) subTarget(0) extendedPlatform(0) -> platform(13) subTarget(537395200) extendedPlatform(0)
Refreshing native plugins compatible for Editor in 1.19 ms, found 1 plugins.
Preloading 0 native plugins for Editor in 0.00 ms.
Unloading 1997 Unused Serialized files (Serialized files now loaded: 0)
System memory in use before: 95.6 MB.
System memory in use after: 95.6 MB.

Unloading 20 unused Assets to reduce memory usage. Loaded Objects now: 2517.
Total: 3.360600 ms (FindLiveObjects: 0.406300 ms CreateObjectMapping: 0.112800 ms MarkObjects: 2.641400 ms  DeleteObjects: 0.198300 ms)

AssetImportParameters requested are different than current active one (requested -> active):
  custom:graphics/normal-map-encoding: 01000000000000000000000000000000 -> 02000000000000000000000000000000
========================================================================
Received Prepare
Registering precompiled user dll's ...
Registered in 0.011833 seconds.
Begin MonoManager ReloadAssembly
Native extension for WindowsStandalone target not found
Refreshing native plugins compatible for Editor in 1.00 ms, found 1 plugins.
Preloading 0 native plugins for Editor in 0.00 ms.
Mono: successfully reloaded assembly
- Completed reload, in  2.177 seconds
Platform modules already initialized, skipping
Switching build target platform(5) subTarget(0) extendedPlatform(0) -> platform(13) subTarget(537395200) extendedPlatform(0)
Refreshing native plugins compatible for Editor in 1.91 ms, found 1 plugins.
Preloading 0 native plugins for Editor in 0.00 ms.
Unloading 1998 Unused Serialized files (Serialized files now loaded: 0)
System memory in use before: 95.6 MB.
System memory in use after: 95.6 MB.

Unloading 20 unused Assets to reduce memory usage. Loaded Objects now: 2523.
Total: 3.987000 ms (FindLiveObjects: 0.472800 ms CreateObjectMapping: 0.113400 ms MarkObjects: 3.126600 ms  DeleteObjects: 0.271900 ms)

AssetImportParameters requested are different than current active one (requested -> active):
  custom:graphics/normal-map-encoding: 01000000000000000000000000000000 -> 02000000000000000000000000000000
========================================================================
Received Prepare
Registering precompiled user dll's ...
Registered in 0.008453 seconds.
Begin MonoManager ReloadAssembly
Native extension for WindowsStandalone target not found
Refreshing native plugins compatible for Editor in 0.84 ms, found 1 plugins.
Preloading 0 native plugins for Editor in 0.00 ms.
Mono: successfully reloaded assembly
- Completed reload, in  1.850 seconds
Platform modules already initialized, skipping
Switching build target platform(5) subTarget(0) extendedPlatform(0) -> platform(13) subTarget(537395200) extendedPlatform(0)
Refreshing native plugins compatible for Editor in 0.85 ms, found 1 plugins.
Preloading 0 native plugins for Editor in 0.00 ms.
Unloading 1998 Unused Serialized files (Serialized files now loaded: 0)
System memory in use before: 95.6 MB.
System memory in use after: 95.6 MB.

Unloading 20 unused Assets to reduce memory usage. Loaded Objects now: 2528.
Total: 3.240800 ms (FindLiveObjects: 0.389500 ms CreateObjectMapping: 0.114800 ms MarkObjects: 2.546100 ms  DeleteObjects: 0.189200 ms)

AssetImportParameters requested are different than current active one (requested -> active):
  custom:graphics/normal-map-encoding: 01000000000000000000000000000000 -> 02000000000000000000000000000000
========================================================================
Received Prepare
Registering precompiled user dll's ...
Registered in 0.007702 seconds.
Begin MonoManager ReloadAssembly
Native extension for WindowsStandalone target not found
Refreshing native plugins compatible for Editor in 0.83 ms, found 1 plugins.
Preloading 0 native plugins for Editor in 0.00 ms.
Mono: successfully reloaded assembly
- Completed reload, in  2.167 seconds
Platform modules already initialized, skipping
Switching build target platform(5) subTarget(0) extendedPlatform(0) -> platform(13) subTarget(537395200) extendedPlatform(0)
Refreshing native plugins compatible for Editor in 0.85 ms, found 1 plugins.
Preloading 0 native plugins for Editor in 0.00 ms.
Unloading 1999 Unused Serialized files (Serialized files now loaded: 0)
System memory in use before: 95.6 MB.
System memory in use after: 95.6 MB.

Unloading 20 unused Assets to reduce memory usage. Loaded Objects now: 2534.
Total: 4.252300 ms (FindLiveObjects: 0.438400 ms CreateObjectMapping: 0.141800 ms MarkObjects: 3.466300 ms  DeleteObjects: 0.203900 ms)

AssetImportParameters requested are different than current active one (requested -> active):
  custom:graphics/normal-map-encoding: 01000000000000000000000000000000 -> 02000000000000000000000000000000
========================================================================
Received Import Request.
  Time since last request: 1469.593294 seconds.
  path: Assets/fonts/TMPro fonts/arial SDF.asset
  artifactKey: Guid(27ea92c2e25e62c4a9b1adf0b728386f) Importer(815301076,1909f56bfc062723c751e8b465ee728b)
Start importing Assets/fonts/TMPro fonts/arial SDF.asset using Guid(27ea92c2e25e62c4a9b1adf0b728386f) Importer(815301076,1909f56bfc062723c751e8b465ee728b)  -> (artifact id: '81d973ea45d5d33d1b42a5f1435930bc') in 0.239365 seconds
  Import took 0.268240 seconds .

========================================================================
Received Import Request.
  Time since last request: 0.000363 seconds.
  path: Assets/fonts/TMPro fonts/Boomboom SDF.asset
  artifactKey: Guid(a98415e53f229cf43b59e835b2697648) Importer(815301076,1909f56bfc062723c751e8b465ee728b)
Start importing Assets/fonts/TMPro fonts/Boomboom SDF.asset using Guid(a98415e53f229cf43b59e835b2697648) Importer(815301076,1909f56bfc062723c751e8b465ee728b)  -> (artifact id: 'b2025cb751e3b3ef27aba2192768d51a') in 0.055362 seconds
  Import took 0.077386 seconds .

========================================================================
Received Import Request.
  Time since last request: 0.343703 seconds.
  path: Assets/Resources/Prefabs/UI/MainCanvas.prefab
  artifactKey: Guid(f2b501d6a44424d4ea6800bb06f7614a) Importer(815301076,1909f56bfc062723c751e8b465ee728b)
Start importing Assets/Resources/Prefabs/UI/MainCanvas.prefab using Guid(f2b501d6a44424d4ea6800bb06f7614a) Importer(815301076,1909f56bfc062723c751e8b465ee728b)  -> (artifact id: 'e4f305e5858f6b44c1c0bd214bc54f4f') in 0.270176 seconds
  Import took 0.306470 seconds .

========================================================================
Received Import Request.
  Time since last request: 0.000299 seconds.
  path: Assets/fonts/TMPro fonts/Montserrat-Bold SDF.asset
  artifactKey: Guid(ec04ef61dd32e42438cc4af7747f84d2) Importer(815301076,1909f56bfc062723c751e8b465ee728b)
Start importing Assets/fonts/TMPro fonts/Montserrat-Bold SDF.asset using Guid(ec04ef61dd32e42438cc4af7747f84d2) Importer(815301076,1909f56bfc062723c751e8b465ee728b)  -> (artifact id: '85b3f7ea59550e0ef63587d08a20f43e') in 0.056339 seconds
  Import took 0.073655 seconds .

========================================================================
Received Import Request.
  Time since last request: 13.751313 seconds.
  path: Assets/Resources/Prefabs/UI/MainCanvas.prefab
  artifactKey: Guid(f2b501d6a44424d4ea6800bb06f7614a) Importer(815301076,1909f56bfc062723c751e8b465ee728b)
Start importing Assets/Resources/Prefabs/UI/MainCanvas.prefab using Guid(f2b501d6a44424d4ea6800bb06f7614a) Importer(815301076,1909f56bfc062723c751e8b465ee728b)  -> (artifact id: '7521010ec84e02012dc4b77559989898') in 0.146953 seconds
  Import took 0.167566 seconds .

========================================================================
Received Prepare
Registering precompiled user dll's ...
Registered in 0.007582 seconds.
Begin MonoManager ReloadAssembly
Native extension for WindowsStandalone target not found
Refreshing native plugins compatible for Editor in 1.00 ms, found 1 plugins.
Preloading 0 native plugins for Editor in 0.00 ms.
Mono: successfully reloaded assembly
- Completed reload, in  1.915 seconds
Platform modules already initialized, skipping
Switching build target platform(5) subTarget(0) extendedPlatform(0) -> platform(13) subTarget(537395200) extendedPlatform(0)
Refreshing native plugins compatible for Editor in 0.79 ms, found 1 plugins.
Preloading 0 native plugins for Editor in 0.00 ms.
Unloading 1999 Unused Serialized files (Serialized files now loaded: 0)
System memory in use before: 96.0 MB.
System memory in use after: 96.0 MB.

Unloading 21 unused Assets to reduce memory usage. Loaded Objects now: 2575.
Total: 3.395400 ms (FindLiveObjects: 0.446100 ms CreateObjectMapping: 0.118100 ms MarkObjects: 2.635000 ms  DeleteObjects: 0.194900 ms)

AssetImportParameters requested are different than current active one (requested -> active):
  custom:graphics/normal-map-encoding: 01000000000000000000000000000000 -> 02000000000000000000000000000000
========================================================================
Received Prepare
Registering precompiled user dll's ...
Registered in 0.007596 seconds.
Begin MonoManager ReloadAssembly
Native extension for WindowsStandalone target not found
Refreshing native plugins compatible for Editor in 0.78 ms, found 1 plugins.
Preloading 0 native plugins for Editor in 0.00 ms.
Mono: successfully reloaded assembly
- Completed reload, in  1.850 seconds
Platform modules already initialized, skipping
Switching build target platform(5) subTarget(0) extendedPlatform(0) -> platform(13) subTarget(537395200) extendedPlatform(0)
Refreshing native plugins compatible for Editor in 0.81 ms, found 1 plugins.
Preloading 0 native plugins for Editor in 0.00 ms.
Unloading 1999 Unused Serialized files (Serialized files now loaded: 0)
System memory in use before: 96.0 MB.
System memory in use after: 96.0 MB.

Unloading 20 unused Assets to reduce memory usage. Loaded Objects now: 2580.
Total: 3.309600 ms (FindLiveObjects: 0.424000 ms CreateObjectMapping: 0.117800 ms MarkObjects: 2.572000 ms  DeleteObjects: 0.194600 ms)

AssetImportParameters requested are different than current active one (requested -> active):
  custom:graphics/normal-map-encoding: 01000000000000000000000000000000 -> 02000000000000000000000000000000
========================================================================
Received Prepare
Registering precompiled user dll's ...
Registered in 0.007039 seconds.
Begin MonoManager ReloadAssembly
Native extension for WindowsStandalone target not found
Refreshing native plugins compatible for Editor in 0.80 ms, found 1 plugins.
Preloading 0 native plugins for Editor in 0.00 ms.
Mono: successfully reloaded assembly
- Completed reload, in  1.858 seconds
Platform modules already initialized, skipping
Switching build target platform(5) subTarget(0) extendedPlatform(0) -> platform(13) subTarget(537395200) extendedPlatform(0)
Refreshing native plugins compatible for Editor in 0.78 ms, found 1 plugins.
Preloading 0 native plugins for Editor in 0.00 ms.
Unloading 1999 Unused Serialized files (Serialized files now loaded: 0)
System memory in use before: 96.0 MB.
System memory in use after: 96.0 MB.

Unloading 20 unused Assets to reduce memory usage. Loaded Objects now: 2585.
Total: 3.287900 ms (FindLiveObjects: 0.420300 ms CreateObjectMapping: 0.112600 ms MarkObjects: 2.559700 ms  DeleteObjects: 0.193800 ms)

AssetImportParameters requested are different than current active one (requested -> active):
  custom:graphics/normal-map-encoding: 01000000000000000000000000000000 -> 02000000000000000000000000000000
========================================================================
Received Prepare
Registering precompiled user dll's ...
Registered in 0.007408 seconds.
Begin MonoManager ReloadAssembly
Native extension for WindowsStandalone target not found
Refreshing native plugins compatible for Editor in 0.79 ms, found 1 plugins.
Preloading 0 native plugins for Editor in 0.00 ms.
Mono: successfully reloaded assembly
- Completed reload, in  2.067 seconds
Platform modules already initialized, skipping
Switching build target platform(5) subTarget(0) extendedPlatform(0) -> platform(13) subTarget(537395200) extendedPlatform(0)
Refreshing native plugins compatible for Editor in 0.90 ms, found 1 plugins.
Preloading 0 native plugins for Editor in 0.00 ms.
Unloading 1999 Unused Serialized files (Serialized files now loaded: 0)
System memory in use before: 96.0 MB.
System memory in use after: 96.0 MB.

Unloading 20 unused Assets to reduce memory usage. Loaded Objects now: 2590.
Total: 3.982100 ms (FindLiveObjects: 0.586100 ms CreateObjectMapping: 0.207600 ms MarkObjects: 2.954200 ms  DeleteObjects: 0.232800 ms)

AssetImportParameters requested are different than current active one (requested -> active):
  custom:graphics/normal-map-encoding: 01000000000000000000000000000000 -> 02000000000000000000000000000000
========================================================================
Received Import Request.
  Time since last request: 230.142636 seconds.
  path: Assets/Photon/PhotonUnityNetworking/Resources/user_message_text.prefab
  artifactKey: Guid(c140de470d757044b90c8549258d3586) Importer(815301076,1909f56bfc062723c751e8b465ee728b)
Start importing Assets/Photon/PhotonUnityNetworking/Resources/user_message_text.prefab using Guid(c140de470d757044b90c8549258d3586) Importer(815301076,1909f56bfc062723c751e8b465ee728b)  -> (artifact id: '6d24d95a9d02fb836d31d45355c3fc6b') in 0.154072 seconds
  Import took 0.174306 seconds .

========================================================================
Received Prepare
Registering precompiled user dll's ...
Registered in 0.007091 seconds.
Begin MonoManager ReloadAssembly
Native extension for WindowsStandalone target not found
Refreshing native plugins compatible for Editor in 0.79 ms, found 1 plugins.
Preloading 0 native plugins for Editor in 0.00 ms.
Mono: successfully reloaded assembly
- Completed reload, in  2.151 seconds
Platform modules already initialized, skipping
Switching build target platform(5) subTarget(0) extendedPlatform(0) -> platform(13) subTarget(537395200) extendedPlatform(0)
Refreshing native plugins compatible for Editor in 1.17 ms, found 1 plugins.
Preloading 0 native plugins for Editor in 0.00 ms.
Unloading 1999 Unused Serialized files (Serialized files now loaded: 0)
System memory in use before: 96.0 MB.
System memory in use after: 96.0 MB.

Unloading 20 unused Assets to reduce memory usage. Loaded Objects now: 2595.
Total: 3.968500 ms (FindLiveObjects: 0.513600 ms CreateObjectMapping: 0.138900 ms MarkObjects: 3.091900 ms  DeleteObjects: 0.221600 ms)

AssetImportParameters requested are different than current active one (requested -> active):
  custom:graphics/normal-map-encoding: 01000000000000000000000000000000 -> 02000000000000000000000000000000
========================================================================
Received Import Request.
  Time since last request: 78.983177 seconds.
  path: Assets/Photon/PhotonUnityNetworking/Resources/user_message_text.prefab
  artifactKey: Guid(c140de470d757044b90c8549258d3586) Importer(815301076,1909f56bfc062723c751e8b465ee728b)
Start importing Assets/Photon/PhotonUnityNetworking/Resources/user_message_text.prefab using Guid(c140de470d757044b90c8549258d3586) Importer(815301076,1909f56bfc062723c751e8b465ee728b)  -> (artifact id: '222d894fc08fbd1ab4a215c78001db7e') in 0.149179 seconds
  Import took 0.154909 seconds .

